<?xml version="1.0" encoding="UTF-8"?>
<testsuite xmlns:xsi="http://www.w3.org/2001/XMLSchema-instance" xsi:noNamespaceSchemaLocation="https://maven.apache.org/surefire/maven-surefire-plugin/xsd/surefire-test-report.xsd" version="3.0.2" name="TestSuite" time="115.121" tests="6" errors="0" skipped="0" failures="0">
  <properties>
[...]
</properties>
  <testcase name="runScenario[&quot;S1: login with valid credentials&quot;, &quot;swaglab login feature&quot;](1)" classname="Runner.RE1_SwaglabLoginRunner" time="9.743">
    <system-out><![CDATA[
Scenario: S1: login with valid credentials                       &amp#27;[90m# src/test/resources/FeatureFiles/RE1_SwagLabLogin.feature:3&amp#27;[0m
  &amp#27;[32mGiven &amp#27;[0m&amp#27;[32muser is on login&amp#27;[0m                                         &amp#27;[90m# Steps.RE_SwagLabLoginSteps.user_is_on_login()&amp#27;[0m
  &amp#27;[32mWhen &amp#27;[0m&amp#27;[32muser enter username on swaglab login page &amp#27;[0m&amp#27;[32m&amp#27;[1m"standard_user"&amp#27;[0m &amp#27;[90m# Steps.RE_SwagLabLoginSteps.user_enter_username_on_swaglab_login_page(java.lang.String)&amp#27;[0m
  &amp#27;[32mAnd &amp#27;[0m&amp#27;[32muser enter password on swaglab login page &amp#27;[0m&amp#27;[32m&amp#27;[1m"secret_sauce"&amp#27;[0m   &amp#27;[90m# Steps.RE_SwagLabLoginSteps.user_enter_password_on_swaglab_login_page(java.lang.String)&amp#27;[0m
  &amp#27;[32mAnd &amp#27;[0m&amp#27;[32muser click on login btn swaglab login page&amp#27;[0m                 &amp#27;[90m# Steps.RE_SwagLabLoginSteps.user_click_on_login_btn_swaglab_login_page()&amp#27;[0m
  &amp#27;[32mThen &amp#27;[0m&amp#27;[32muser should be at SwagLab home page with logo &amp#27;[0m&amp#27;[32m&amp#27;[1m"Swag Labs"&amp#27;[0m &amp#27;[90m# Steps.RE_SwagLabLoginSteps.user_should_be_at_swag_lab_home_page_with_logo(java.lang.String)&amp#27;[0m
]]></system-out>
    <system-err><![CDATA[SLF4J: Failed to load class "org.slf4j.impl.StaticLoggerBinder".
SLF4J: Defaulting to no-operation (NOP) logger implementation
SLF4J: See http://www.slf4j.org/codes.html#StaticLoggerBinder for further details.
Jan 02, 2025 8:44:27 AM org.openqa.selenium.devtools.CdpVersionFinder findNearestMatch
WARNING: Unable to find CDP implementation matching 131
Jan 02, 2025 8:44:27 AM org.openqa.selenium.chromium.ChromiumDriver lambda$new$5
WARNING: Unable to find version of CDP to use for 131.0.6778.205. You may need to include a dependency on a specific version of the CDP using something similar to `org.seleniumhq.selenium:selenium-devtools-v86:4.21.0` where the version ("v86") matches the version of the chromium-based browser you're using and the version number of the artifact is the same as Selenium's.
]]></system-err>
  </testcase>
  <testcase name="runScenario[&quot;S2: Verify Product Name&quot;, &quot;Swaglab Product feature&quot;](1)" classname="Runner.RE2_SwagLabProductRunner" time="9.227">
    <system-out><![CDATA[
Scenario: S2: Verify Product Name                                      &amp#27;[90m# src/test/resources/FeatureFiles/RE2_SwagLabProduct.feature:10&amp#27;[0m
  &amp#27;[32mGiven &amp#27;[0m&amp#27;[32muser is on login&amp#27;[0m                                               &amp#27;[90m# Steps.RE_SwagLabLoginSteps.user_is_on_login()&amp#27;[0m
  &amp#27;[32mWhen &amp#27;[0m&amp#27;[32muser enter username on swaglab login page &amp#27;[0m&amp#27;[32m&amp#27;[1m"standard_user"&amp#27;[0m       &amp#27;[90m# Steps.RE_SwagLabLoginSteps.user_enter_username_on_swaglab_login_page(java.lang.String)&amp#27;[0m
  &amp#27;[32mAnd &amp#27;[0m&amp#27;[32muser enter password on swaglab login page &amp#27;[0m&amp#27;[32m&amp#27;[1m"secret_sauce"&amp#27;[0m         &amp#27;[90m# Steps.RE_SwagLabLoginSteps.user_enter_password_on_swaglab_login_page(java.lang.String)&amp#27;[0m
  &amp#27;[32mAnd &amp#27;[0m&amp#27;[32muser click on login btn swaglab login page&amp#27;[0m                       &amp#27;[90m# Steps.RE_SwagLabLoginSteps.user_click_on_login_btn_swaglab_login_page()&amp#27;[0m
  &amp#27;[32mThen &amp#27;[0m&amp#27;[32mproduct name &amp#27;[0m&amp#27;[32m&amp#27;[1m"Sauce Labs Onesie"&amp#27;[0m&amp#27;[32m should be visible on home page&amp#27;[0m &amp#27;[90m# Steps.RE_SwagLabProductSteps.product_name_should_be_visible_on_home_page(java.lang.String)&amp#27;[0m
]]></system-out>
    <system-err><![CDATA[&amp#27;[32m&amp#27;[1m┌──────────────────────────────────────────────────────────────────────────┐&amp#27;[0m
&amp#27;[32m&amp#27;[1m│&amp#27;[0m View your Cucumber Report at:                                            &amp#27;[32m&amp#27;[1m│&amp#27;[0m
&amp#27;[32m&amp#27;[1m│&amp#27;[0m &amp#27;[1m&amp#27;[36m&amp#27;[4mhttps://reports.cucumber.io/reports/e6087cd6-b62b-4134-ac2a-310bc8ab52c9&amp#27;[0m &amp#27;[32m&amp#27;[1m│&amp#27;[0m
&amp#27;[32m&amp#27;[1m│&amp#27;[0m                                                                          &amp#27;[32m&amp#27;[1m│&amp#27;[0m
&amp#27;[32m&amp#27;[1m│&amp#27;[0m &amp#27;[1mThis report will self-destruct in 24h.&amp#27;[0m                                   &amp#27;[32m&amp#27;[1m│&amp#27;[0m
&amp#27;[32m&amp#27;[1m│&amp#27;[0m Keep reports forever: &amp#27;[4m&amp#27;[1m&amp#27;[36mhttps://reports.cucumber.io/profile&amp#27;[0m                &amp#27;[32m&amp#27;[1m│&amp#27;[0m
&amp#27;[32m&amp#27;[1m└──────────────────────────────────────────────────────────────────────────┘&amp#27;[0mJan 02, 2025 8:44:38 AM org.openqa.selenium.devtools.CdpVersionFinder findNearestMatch
WARNING: Unable to find CDP implementation matching 131
Jan 02, 2025 8:44:38 AM org.openqa.selenium.chromium.ChromiumDriver lambda$new$5
WARNING: Unable to find version of CDP to use for 131.0.6778.205. You may need to include a dependency on a specific version of the CDP using something similar to `org.seleniumhq.selenium:selenium-devtools-v86:4.21.0` where the version ("v86") matches the version of the chromium-based browser you're using and the version number of the artifact is the same as Selenium's.
]]></system-err>
  </testcase>
  <testcase name="runScenario[&quot;S3: verify OneSie Product Price&quot;, &quot;Swaglab Product feature&quot;](2)" classname="Runner.RE2_SwagLabProductRunner" time="8.95">
    <system-out><![CDATA[
Scenario: S3: verify OneSie Product Price                        &amp#27;[90m# src/test/resources/FeatureFiles/RE2_SwagLabProduct.feature:13&amp#27;[0m
  &amp#27;[32mGiven &amp#27;[0m&amp#27;[32muser is on login&amp#27;[0m                                         &amp#27;[90m# Steps.RE_SwagLabLoginSteps.user_is_on_login()&amp#27;[0m
  &amp#27;[32mWhen &amp#27;[0m&amp#27;[32muser enter username on swaglab login page &amp#27;[0m&amp#27;[32m&amp#27;[1m"standard_user"&amp#27;[0m &amp#27;[90m# Steps.RE_SwagLabLoginSteps.user_enter_username_on_swaglab_login_page(java.lang.String)&amp#27;[0m
  &amp#27;[32mAnd &amp#27;[0m&amp#27;[32muser enter password on swaglab login page &amp#27;[0m&amp#27;[32m&amp#27;[1m"secret_sauce"&amp#27;[0m   &amp#27;[90m# Steps.RE_SwagLabLoginSteps.user_enter_password_on_swaglab_login_page(java.lang.String)&amp#27;[0m
  &amp#27;[32mAnd &amp#27;[0m&amp#27;[32muser click on login btn swaglab login page&amp#27;[0m                 &amp#27;[90m# Steps.RE_SwagLabLoginSteps.user_click_on_login_btn_swaglab_login_page()&amp#27;[0m
  &amp#27;[32mThen &amp#27;[0m&amp#27;[32mOneSie Product Price should be &amp#27;[0m&amp#27;[32m&amp#27;[1m7.99&amp#27;[0m                       &amp#27;[90m# Steps.RE_SwagLabProductSteps.one_sie_product_price_should_be(double)&amp#27;[0m
]]></system-out>
    <system-err><![CDATA[Jan 02, 2025 8:44:48 AM org.openqa.selenium.devtools.CdpVersionFinder findNearestMatch
WARNING: Unable to find CDP implementation matching 131
Jan 02, 2025 8:44:48 AM org.openqa.selenium.chromium.ChromiumDriver lambda$new$5
WARNING: Unable to find version of CDP to use for 131.0.6778.205. You may need to include a dependency on a specific version of the CDP using something similar to `org.seleniumhq.selenium:selenium-devtools-v86:4.21.0` where the version ("v86") matches the version of the chromium-based browser you're using and the version number of the artifact is the same as Selenium's.
]]></system-err>
  </testcase>
  <testcase name="runScenario[&quot;S4: verify Home Page All Product Size&quot;, &quot;Swaglab Product feature&quot;](3)" classname="Runner.RE2_SwagLabProductRunner" time="8.729">
    <system-out><![CDATA[
Scenario: S4: verify Home Page All Product Size                  &amp#27;[90m# src/test/resources/FeatureFiles/RE2_SwagLabProduct.feature:16&amp#27;[0m
  &amp#27;[32mGiven &amp#27;[0m&amp#27;[32muser is on login&amp#27;[0m                                         &amp#27;[90m# Steps.RE_SwagLabLoginSteps.user_is_on_login()&amp#27;[0m
  &amp#27;[32mWhen &amp#27;[0m&amp#27;[32muser enter username on swaglab login page &amp#27;[0m&amp#27;[32m&amp#27;[1m"standard_user"&amp#27;[0m &amp#27;[90m# Steps.RE_SwagLabLoginSteps.user_enter_username_on_swaglab_login_page(java.lang.String)&amp#27;[0m
  &amp#27;[32mAnd &amp#27;[0m&amp#27;[32muser enter password on swaglab login page &amp#27;[0m&amp#27;[32m&amp#27;[1m"secret_sauce"&amp#27;[0m   &amp#27;[90m# Steps.RE_SwagLabLoginSteps.user_enter_password_on_swaglab_login_page(java.lang.String)&amp#27;[0m
  &amp#27;[32mAnd &amp#27;[0m&amp#27;[32muser click on login btn swaglab login page&amp#27;[0m                 &amp#27;[90m# Steps.RE_SwagLabLoginSteps.user_click_on_login_btn_swaglab_login_page()&amp#27;[0m
  &amp#27;[32mThen &amp#27;[0m&amp#27;[32mHome Product Size should be &amp#27;[0m&amp#27;[32m&amp#27;[1m6&amp#27;[0m                             &amp#27;[90m# Steps.RE_SwagLabProductSteps.home_product_size_should_be(java.lang.Integer)&amp#27;[0m
]]></system-out>
    <system-err><![CDATA[Jan 02, 2025 8:44:57 AM org.openqa.selenium.devtools.CdpVersionFinder findNearestMatch
WARNING: Unable to find CDP implementation matching 131
Jan 02, 2025 8:44:57 AM org.openqa.selenium.chromium.ChromiumDriver lambda$new$5
WARNING: Unable to find version of CDP to use for 131.0.6778.205. You may need to include a dependency on a specific version of the CDP using something similar to `org.seleniumhq.selenium:selenium-devtools-v86:4.21.0` where the version ("v86") matches the version of the chromium-based browser you're using and the version number of the artifact is the same as Selenium's.
]]></system-err>
  </testcase>
  <testcase name="runScenario[&quot;S5: verify Product Total Price&quot;, &quot;Swaglab Product feature&quot;](4)" classname="Runner.RE2_SwagLabProductRunner" time="9.496">
    <system-out><![CDATA[
Scenario: S5: verify Product Total Price                         &amp#27;[90m# src/test/resources/FeatureFiles/RE2_SwagLabProduct.feature:19&amp#27;[0m
  &amp#27;[32mGiven &amp#27;[0m&amp#27;[32muser is on login&amp#27;[0m                                         &amp#27;[90m# Steps.RE_SwagLabLoginSteps.user_is_on_login()&amp#27;[0m
  &amp#27;[32mWhen &amp#27;[0m&amp#27;[32muser enter username on swaglab login page &amp#27;[0m&amp#27;[32m&amp#27;[1m"standard_user"&amp#27;[0m &amp#27;[90m# Steps.RE_SwagLabLoginSteps.user_enter_username_on_swaglab_login_page(java.lang.String)&amp#27;[0m
  &amp#27;[32mAnd &amp#27;[0m&amp#27;[32muser enter password on swaglab login page &amp#27;[0m&amp#27;[32m&amp#27;[1m"secret_sauce"&amp#27;[0m   &amp#27;[90m# Steps.RE_SwagLabLoginSteps.user_enter_password_on_swaglab_login_page(java.lang.String)&amp#27;[0m
  &amp#27;[32mAnd &amp#27;[0m&amp#27;[32muser click on login btn swaglab login page&amp#27;[0m                 &amp#27;[90m# Steps.RE_SwagLabLoginSteps.user_click_on_login_btn_swaglab_login_page()&amp#27;[0m
  &amp#27;[32mThen &amp#27;[0m&amp#27;[32mProduct price should be &amp#27;[0m&amp#27;[32m&amp#27;[1m129.94&amp#27;[0m                            &amp#27;[90m# Steps.RE_SwagLabProductSteps.product_price_should_be(java.lang.Double)&amp#27;[0m
]]></system-out>
    <system-err><![CDATA[Jan 02, 2025 8:45:05 AM org.openqa.selenium.devtools.CdpVersionFinder findNearestMatch
WARNING: Unable to find CDP implementation matching 131
Jan 02, 2025 8:45:05 AM org.openqa.selenium.chromium.ChromiumDriver lambda$new$5
WARNING: Unable to find version of CDP to use for 131.0.6778.205. You may need to include a dependency on a specific version of the CDP using something similar to `org.seleniumhq.selenium:selenium-devtools-v86:4.21.0` where the version ("v86") matches the version of the chromium-based browser you're using and the version number of the artifact is the same as Selenium's.
]]></system-err>
  </testcase>
  <testcase name="runScenario[&quot;S6: Purchase Any Product&quot;, &quot;Swaglab Product feature&quot;](1)" classname="Runner.RE3_SwagLabOrderRunner" time="12.287">
    <system-out><![CDATA[
Scenario: S6: Purchase Any Product                                                                                                                    &amp#27;[90m# src/test/resources/FeatureFiles/RE3_SwagLabOrder.feature:10&amp#27;[0m
  &amp#27;[32mGiven &amp#27;[0m&amp#27;[32muser is on login&amp#27;[0m                                                                                                                              &amp#27;[90m# Steps.RE_SwagLabLoginSteps.user_is_on_login()&amp#27;[0m
  &amp#27;[32mWhen &amp#27;[0m&amp#27;[32muser enter username on swaglab login page &amp#27;[0m&amp#27;[32m&amp#27;[1m"standard_user"&amp#27;[0m                                                                                      &amp#27;[90m# Steps.RE_SwagLabLoginSteps.user_enter_username_on_swaglab_login_page(java.lang.String)&amp#27;[0m
  &amp#27;[32mAnd &amp#27;[0m&amp#27;[32muser enter password on swaglab login page &amp#27;[0m&amp#27;[32m&amp#27;[1m"secret_sauce"&amp#27;[0m                                                                                        &amp#27;[90m# Steps.RE_SwagLabLoginSteps.user_enter_password_on_swaglab_login_page(java.lang.String)&amp#27;[0m
  &amp#27;[32mAnd &amp#27;[0m&amp#27;[32muser click on login btn swaglab login page&amp#27;[0m                                                                                                      &amp#27;[90m# Steps.RE_SwagLabLoginSteps.user_click_on_login_btn_swaglab_login_page()&amp#27;[0m
  &amp#27;[32mWhen &amp#27;[0m&amp#27;[32muser click the AddToCart btn on HomePage&amp#27;[0m                                                                                                       &amp#27;[90m# Steps.RE_OrdersStep.user_click_the_add_to_cart_btn_on_home_page()&amp#27;[0m
  &amp#27;[32mAnd &amp#27;[0m&amp#27;[32muser click CartLink on HomePage&amp#27;[0m                                                                                                                 &amp#27;[90m# Steps.RE_OrdersStep.user_click_cart_link_on_home_page()&amp#27;[0m
  &amp#27;[32mAnd &amp#27;[0m&amp#27;[32muser click Checkout btn on YourCartPage&amp#27;[0m                                                                                                         &amp#27;[90m# Steps.RE_OrdersStep.user_click_checkout_btn_on_your_cart_page()&amp#27;[0m
  &amp#27;[32mAnd &amp#27;[0m&amp#27;[32muser enter FN as &amp#27;[0m&amp#27;[32m&amp#27;[1m"abc1"&amp#27;[0m&amp#27;[32m on CheckoutInfoPage&amp#27;[0m                                                                                                     &amp#27;[90m# Steps.RE_OrdersStep.user_enter_fn_as_on_checkout_info_page(java.lang.String)&amp#27;[0m
  &amp#27;[32mAnd &amp#27;[0m&amp#27;[32muser enter LN as &amp#27;[0m&amp#27;[32m&amp#27;[1m"xyz1"&amp#27;[0m&amp#27;[32m on CheckoutInfoPage&amp#27;[0m                                                                                                     &amp#27;[90m# Steps.RE_OrdersStep.user_enter_ln_as_on_checkout_info_page(java.lang.String)&amp#27;[0m
  &amp#27;[32mAnd &amp#27;[0m&amp#27;[32muser enter Pin code as &amp#27;[0m&amp#27;[32m&amp#27;[1m"12345"&amp#27;[0m&amp#27;[32m on CheckoutInfoPage&amp#27;[0m                                                                                              &amp#27;[90m# Steps.RE_OrdersStep.user_enter_pin_code_as_on_checkout_info_page(java.lang.String)&amp#27;[0m
  &amp#27;[32mAnd &amp#27;[0m&amp#27;[32muser click the continue btn on CheckoutInfoPage&amp#27;[0m                                                                                                 &amp#27;[90m# Steps.RE_OrdersStep.user_click_the_continue_btn_on_checkout_info_page()&amp#27;[0m
  &amp#27;[32mAnd &amp#27;[0m&amp#27;[32muser click FinishBtn on CheckoutOverviewPage&amp#27;[0m                                                                                                    &amp#27;[90m# Steps.RE_OrdersStep.user_click_finish_btn_on_checkout_overview_page()&amp#27;[0m
  &amp#27;[32mThen &amp#27;[0m&amp#27;[32mUser should reach the OrderCompletePage with message &amp#27;[0m&amp#27;[32m&amp#27;[1m"Your order has been dispatched, and will arrive just as fast as the pony can get there!"&amp#27;[0m &amp#27;[90m# Steps.RE_OrdersStep.user_should_reach_the_order_complete_page_with_message(java.lang.String)&amp#27;[0m
]]></system-out>
    <system-err><![CDATA[&amp#27;[32m&amp#27;[1m┌──────────────────────────────────────────────────────────────────────────┐&amp#27;[0m
&amp#27;[32m&amp#27;[1m│&amp#27;[0m View your Cucumber Report at:                                            &amp#27;[32m&amp#27;[1m│&amp#27;[0m
&amp#27;[32m&amp#27;[1m│&amp#27;[0m &amp#27;[1m&amp#27;[36m&amp#27;[4mhttps://reports.cucumber.io/reports/d61fb43e-7e64-406d-9c25-a5fd604153b9&amp#27;[0m &amp#27;[32m&amp#27;[1m│&amp#27;[0m
&amp#27;[32m&amp#27;[1m│&amp#27;[0m                                                                          &amp#27;[32m&amp#27;[1m│&amp#27;[0m
&amp#27;[32m&amp#27;[1m│&amp#27;[0m &amp#27;[1mThis report will self-destruct in 24h.&amp#27;[0m                                   &amp#27;[32m&amp#27;[1m│&amp#27;[0m
&amp#27;[32m&amp#27;[1m│&amp#27;[0m Keep reports forever: &amp#27;[4m&amp#27;[1m&amp#27;[36mhttps://reports.cucumber.io/profile&amp#27;[0m                &amp#27;[32m&amp#27;[1m│&amp#27;[0m
&amp#27;[32m&amp#27;[1m└──────────────────────────────────────────────────────────────────────────┘&amp#27;[0mJan 02, 2025 8:45:17 AM org.openqa.selenium.devtools.CdpVersionFinder findNearestMatch
WARNING: Unable to find CDP implementation matching 131
Jan 02, 2025 8:45:17 AM org.openqa.selenium.chromium.ChromiumDriver lambda$new$5
WARNING: Unable to find version of CDP to use for 131.0.6778.205. You may need to include a dependency on a specific version of the CDP using something similar to `org.seleniumhq.selenium:selenium-devtools-v86:4.21.0` where the version ("v86") matches the version of the chromium-based browser you're using and the version number of the artifact is the same as Selenium's.
]]></system-err>
  </testcase>
</testsuite>