<?xml version="1.0" encoding="UTF-8"?>
<testsuite xmlns:xsi="http://www.w3.org/2001/XMLSchema-instance" xsi:noNamespaceSchemaLocation="https://maven.apache.org/surefire/maven-surefire-plugin/xsd/surefire-test-report.xsd" version="3.0.2" name="TestSuite" time="3.41" tests="29" errors="0" skipped="0" failures="0">
  <properties>
[...]
</properties>
  <testcase name="runScenario[&quot;fetch currently placed order&quot;, &quot;place order hook information&quot;](1)" classname="Runner.Ex12_RunMultipleFeatureFilesRunner" time="0.07">
    <system-out><![CDATA[At Login page
At orders page
At Current Order
display currently_placed_order
]]></system-out>
    <system-err><![CDATA[SLF4J: Failed to load class "org.slf4j.impl.StaticLoggerBinder".
SLF4J: Defaulting to no-operation (NOP) logger implementation
SLF4J: See http://www.slf4j.org/codes.html#StaticLoggerBinder for further details.
]]></system-err>
  </testcase>
  <testcase name="runScenario[&quot;fetch previously placed order&quot;, &quot;place order hook information&quot;](2)" classname="Runner.Ex12_RunMultipleFeatureFilesRunner" time="0.023">
    <system-out><![CDATA[At Login page
At orders page
At past order
display previously_placed_order
]]></system-out>
  </testcase>
  <testcase name="runScenario[&quot;fetch canceled order info&quot;, &quot;place order hook information&quot;](3)" classname="Runner.Ex12_RunMultipleFeatureFilesRunner" time="0.023">
    <system-out><![CDATA[At Login page
At orders page
At cancel order
display cancel orders
]]></system-out>
  </testcase>
  <testcase name="runScenario[&quot;login with valid credentials&quot;, &quot;login feature with Tags&quot;](4)" classname="Runner.Ex12_RunMultipleFeatureFilesRunner" time="0.02">
    <system-out><![CDATA[login page
Enter UN
Enter PWD
click on login btn
----Home Page visible---
]]></system-out>
  </testcase>
  <testcase name="runScenario[&quot;verify title of the app&quot;, &quot;login feature with Tags&quot;](5)" classname="Runner.Ex12_RunMultipleFeatureFilesRunner" time="0.016">
    <system-out><![CDATA[login page
---titile visible---
]]></system-out>
  </testcase>
  <testcase name="runScenario[&quot;verify title of the forgotten pwd page&quot;, &quot;login feature with Tags&quot;](6)" classname="Runner.Ex12_RunMultipleFeatureFilesRunner" time="0.013">
    <system-out><![CDATA[login page
click on forgotten pwd link
----forgotten pwd page visible----
]]></system-out>
  </testcase>
  <testcase name="runScenario[&quot;login with valid crdentials&quot;, &quot;login feature&quot;](7)" classname="Runner.Ex12_RunMultipleFeatureFilesRunner" time="0.006">
    <system-out><![CDATA[login page
Enter UN
Enter PWD
click on login btn
----Home Page visible---
]]></system-out>
  </testcase>
  <testcase name="runScenario[&quot;login with valid crdentials&quot;, &quot;login feature&quot;](8)" classname="Runner.Ex12_RunMultipleFeatureFilesRunner" time="0.014">
    <system-out><![CDATA[login page
Enter UN
Enter PWD
click on login btn
----Home Page visible---
]]></system-out>
  </testcase>
  <testcase name="runScenario[&quot;verify title of the app&quot;, &quot;login feature&quot;](9)" classname="Runner.Ex12_RunMultipleFeatureFilesRunner" time="0.011">
    <system-out><![CDATA[login page
---titile visible---
]]></system-out>
  </testcase>
  <testcase name="runScenario[&quot;verify title of the forgotten pwd page&quot;, &quot;login feature&quot;](10)" classname="Runner.Ex12_RunMultipleFeatureFilesRunner" time="0.002">
    <system-out><![CDATA[login page
click on forgotten pwd link
----forgotten pwd page visible----
]]></system-out>
  </testcase>
  <testcase name="runScenario[&quot;login with valid crdentials&quot;, &quot;login feature&quot;](11)" classname="Runner.Ex12_RunMultipleFeatureFilesRunner" time="0.02">
    <system-out><![CDATA[login page
Enter username: abc1
Enter password: xyz1
Enter Pin: 12345
click on login btn
----Home Page visible---
]]></system-out>
  </testcase>
  <testcase name="runScenario[&quot;title validation&quot;, &quot;login feature&quot;](12)" classname="Runner.Ex12_RunMultipleFeatureFilesRunner" time="0.014">
    <system-out><![CDATA[login page
Enter username: abc1
Enter password: xyz1
Enter Pin: 12345
click on login btn
--title verified---
]]></system-out>
  </testcase>
  <testcase name="runScenario[&quot;profile name validation&quot;, &quot;login feature&quot;](13)" classname="Runner.Ex12_RunMultipleFeatureFilesRunner" time="0.015">
    <system-out><![CDATA[login page
Enter username: abc1
Enter password: xyz1
Enter Pin: 12345
click on login btn
click on profile tab
--Profile name verified--
]]></system-out>
  </testcase>
  <testcase name="runScenario[&quot;logout from app&quot;, &quot;login feature&quot;](14)" classname="Runner.Ex12_RunMultipleFeatureFilesRunner" time="0.007">
    <system-out><![CDATA[login page
Enter username: abc1
Enter password: xyz1
Enter Pin: 12345
click on login btn
click on profile tab
click on logout btn
--logged out from app--
]]></system-out>
  </testcase>
  <testcase name="runScenario[&quot;login to application&quot;, &quot;login feature with Scenario outline&quot;](15)" classname="Runner.Ex12_RunMultipleFeatureFilesRunner" time="0.013">
    <system-out><![CDATA[signup page
Enter Name: rahul
Enter Age: 21
Gender: male
-----User Created---
]]></system-out>
  </testcase>
  <testcase name="runScenario[&quot;login to application&quot;, &quot;login feature with Scenario outline&quot;](16)" classname="Runner.Ex12_RunMultipleFeatureFilesRunner" time="0.011">
    <system-out><![CDATA[signup page
Enter Name: mahesh
Enter Age: 22
Gender: male
-----User Created---
]]></system-out>
  </testcase>
  <testcase name="runScenario[&quot;login to application&quot;, &quot;login feature with Scenario outline&quot;](17)" classname="Runner.Ex12_RunMultipleFeatureFilesRunner" time="0.013">
    <system-out><![CDATA[signup page
Enter Name: Priti
Enter Age: 25
Gender: female
-----User Created---
]]></system-out>
  </testcase>
  <testcase name="runScenario[&quot;login to application&quot;, &quot;login feature with Scenario outline&quot;](18)" classname="Runner.Ex12_RunMultipleFeatureFilesRunner" time="0.006">
    <system-out><![CDATA[signup page
Enter Name: Vishal
Enter Age: 30
Gender: male
-----User Created---
]]></system-out>
  </testcase>
  <testcase name="runScenario[&quot;login to application&quot;, &quot;login feature with Scenario outline&quot;](19)" classname="Runner.Ex12_RunMultipleFeatureFilesRunner" time="0.013">
    <system-out><![CDATA[signup page
Enter Name: rahul
Enter Age: 21
Gender: male
-----User Created---
]]></system-out>
  </testcase>
  <testcase name="runScenario[&quot;login to application&quot;, &quot;login feature with Scenario outline&quot;](20)" classname="Runner.Ex12_RunMultipleFeatureFilesRunner" time="0.007">
    <system-out><![CDATA[signup page
Enter Name: mahesh
Enter Age: 22
Gender: male
-----User Created---
]]></system-out>
  </testcase>
  <testcase name="runScenario[&quot;login to application&quot;, &quot;login feature with Scenario outline&quot;](21)" classname="Runner.Ex12_RunMultipleFeatureFilesRunner" time="0.013">
    <system-out><![CDATA[signup page
Enter Name: Priti
Enter Age: 25
Gender: female
-----User Created---
]]></system-out>
  </testcase>
  <testcase name="runScenario[&quot;login to application&quot;, &quot;login feature with Scenario outline&quot;](22)" classname="Runner.Ex12_RunMultipleFeatureFilesRunner" time="0.009">
    <system-out><![CDATA[signup page
Enter Name: Vishal
Enter Age: 30
Gender: male
-----User Created---
]]></system-out>
  </testcase>
  <testcase name="runScenario[&quot;url verification&quot;, &quot;login feature with Scenario outline&quot;](23)" classname="Runner.Ex12_RunMultipleFeatureFilesRunner" time="0.005">
    <system-out><![CDATA[signup page
-----url: ---login
]]></system-out>
  </testcase>
  <testcase name="runScenario[&quot;login to application&quot;, &quot;login feature with Scenario outline&quot;](24)" classname="Runner.Ex12_RunMultipleFeatureFilesRunner" time="0.007">
    <system-out><![CDATA[signup page
Enter Name: rahul
Enter Age: 21
Gender: male
-----User Created---
]]></system-out>
  </testcase>
  <testcase name="runScenario[&quot;login to application&quot;, &quot;login feature with Scenario outline&quot;](25)" classname="Runner.Ex12_RunMultipleFeatureFilesRunner" time="0.008">
    <system-out><![CDATA[signup page
Enter Name: mahesh
Enter Age: 22
Gender: male
-----User Created---
]]></system-out>
  </testcase>
  <testcase name="runScenario[&quot;login to application&quot;, &quot;login feature with Scenario outline&quot;](26)" classname="Runner.Ex12_RunMultipleFeatureFilesRunner" time="0.01">
    <system-out><![CDATA[signup page
Enter Name: Priti
Enter Age: 25
Gender: female
-----User Created---
]]></system-out>
  </testcase>
  <testcase name="runScenario[&quot;login to application&quot;, &quot;login feature with Scenario outline&quot;](27)" classname="Runner.Ex12_RunMultipleFeatureFilesRunner" time="0.01">
    <system-out><![CDATA[signup page
Enter Name: Vishal
Enter Age: 30
Gender: male
-----User Created---
]]></system-out>
  </testcase>
  <testcase name="runScenario[&quot;url verification&quot;, &quot;login feature with Scenario outline&quot;](28)" classname="Runner.Ex12_RunMultipleFeatureFilesRunner" time="0.009">
    <system-out><![CDATA[signup page
-----url: ---login
]]></system-out>
  </testcase>
  <testcase name="runScenario[&quot;opening acc with nominee info&quot;, &quot;: Open bank account&quot;](29)" classname="Runner.Ex12_RunMultipleFeatureFilesRunner" time="0.015">
    <system-out><![CDATA[account opening page
abc2
xyz2
abc2@gmail.com
9999999999
abc3
xyz3
abc3@gmail.com
1111111111
click on submit btn
----user created-----
]]></system-out>
  </testcase>
</testsuite>