<?xml version="1.0" encoding="UTF-8"?>
<testng-results ignored="0" total="6" passed="6" failed="0" skipped="0">
  <reporter-output>
  </reporter-output>
  <suite started-at="2025-01-02T08:44:24 IST" name="SwagLabSuite" finished-at="2025-01-02T08:46:19 IST" duration-ms="114571">
    <groups>
      <group name="cucumber">
        <method signature="AbstractTestNGCucumberTests.runScenario(io.cucumber.testng.PickleWrapper,io.cucumber.testng.FeatureWrapper)[pri:0, instance:Runner.RE1_SwaglabLoginRunner@6ae5aa72]" name="runScenario" class="io.cucumber.testng.AbstractTestNGCucumberTests"/>
        <method signature="AbstractTestNGCucumberTests.runScenario(io.cucumber.testng.PickleWrapper,io.cucumber.testng.FeatureWrapper)[pri:0, instance:Runner.RE2_SwagLabProductRunner@38c6f217]" name="runScenario" class="io.cucumber.testng.AbstractTestNGCucumberTests"/>
        <method signature="AbstractTestNGCucumberTests.runScenario(io.cucumber.testng.PickleWrapper,io.cucumber.testng.FeatureWrapper)[pri:0, instance:Runner.RE3_SwagLabOrderRunner@478190fc]" name="runScenario" class="io.cucumber.testng.AbstractTestNGCucumberTests"/>
      </group> <!-- cucumber -->
    </groups>
    <test started-at="2025-01-02T08:44:24 IST" name="Test" finished-at="2025-01-02T08:46:19 IST" duration-ms="114571">
      <class name="Runner.RE2_SwagLabProductRunner">
        <test-method is-config="true" signature="setUpClass(org.testng.ITestContext)[pri:0, instance:Runner.RE2_SwagLabProductRunner@38c6f217]" started-at="2025-01-02T08:44:37 IST" name="setUpClass" finished-at="2025-01-02T08:44:37 IST" duration-ms="46" status="PASS">
          <params>
            <param index="0">
              <value>
                <![CDATA[org.testng.TestRunner@682abca7]]>
              </value>
            </param>
          </params>
          <reporter-output>
          </reporter-output>
        </test-method> <!-- setUpClass -->
        <test-method signature="runScenario(io.cucumber.testng.PickleWrapper,io.cucumber.testng.FeatureWrapper)[pri:0, instance:Runner.RE2_SwagLabProductRunner@38c6f217]" started-at="2025-01-02T08:44:37 IST" name="runScenario" description="Runs Cucumber Scenarios" data-provider="scenarios" finished-at="2025-01-02T08:44:46 IST" duration-ms="9228" status="PASS">
          <params>
            <param index="0">
              <value>
                <![CDATA["S2: Verify Product Name"]]>
              </value>
            </param>
            <param index="1">
              <value>
                <![CDATA["Swaglab Product feature"]]>
              </value>
            </param>
          </params>
          <reporter-output>
          </reporter-output>
        </test-method> <!-- runScenario -->
        <test-method signature="runScenario(io.cucumber.testng.PickleWrapper,io.cucumber.testng.FeatureWrapper)[pri:0, instance:Runner.RE2_SwagLabProductRunner@38c6f217]" started-at="2025-01-02T08:44:46 IST" name="runScenario" description="Runs Cucumber Scenarios" data-provider="scenarios" finished-at="2025-01-02T08:44:55 IST" duration-ms="8950" status="PASS">
          <params>
            <param index="0">
              <value>
                <![CDATA["S3: verify OneSie Product Price"]]>
              </value>
            </param>
            <param index="1">
              <value>
                <![CDATA["Swaglab Product feature"]]>
              </value>
            </param>
          </params>
          <reporter-output>
          </reporter-output>
        </test-method> <!-- runScenario -->
        <test-method signature="runScenario(io.cucumber.testng.PickleWrapper,io.cucumber.testng.FeatureWrapper)[pri:0, instance:Runner.RE2_SwagLabProductRunner@38c6f217]" started-at="2025-01-02T08:44:55 IST" name="runScenario" description="Runs Cucumber Scenarios" data-provider="scenarios" finished-at="2025-01-02T08:45:04 IST" duration-ms="8732" status="PASS">
          <params>
            <param index="0">
              <value>
                <![CDATA["S4: verify Home Page All Product Size"]]>
              </value>
            </param>
            <param index="1">
              <value>
                <![CDATA["Swaglab Product feature"]]>
              </value>
            </param>
          </params>
          <reporter-output>
          </reporter-output>
        </test-method> <!-- runScenario -->
        <test-method signature="runScenario(io.cucumber.testng.PickleWrapper,io.cucumber.testng.FeatureWrapper)[pri:0, instance:Runner.RE2_SwagLabProductRunner@38c6f217]" started-at="2025-01-02T08:45:04 IST" name="runScenario" description="Runs Cucumber Scenarios" data-provider="scenarios" finished-at="2025-01-02T08:45:13 IST" duration-ms="9499" status="PASS">
          <params>
            <param index="0">
              <value>
                <![CDATA["S5: verify Product Total Price"]]>
              </value>
            </param>
            <param index="1">
              <value>
                <![CDATA["Swaglab Product feature"]]>
              </value>
            </param>
          </params>
          <reporter-output>
          </reporter-output>
        </test-method> <!-- runScenario -->
        <test-method is-config="true" signature="tearDownClass()[pri:0, instance:Runner.RE2_SwagLabProductRunner@38c6f217]" started-at="2025-01-02T08:45:13 IST" name="tearDownClass" finished-at="2025-01-02T08:45:16 IST" duration-ms="2168" status="PASS">
          <reporter-output>
          </reporter-output>
        </test-method> <!-- tearDownClass -->
      </class> <!-- Runner.RE2_SwagLabProductRunner -->
      <class name="Runner.RE1_SwaglabLoginRunner">
        <test-method is-config="true" signature="setUpClass(org.testng.ITestContext)[pri:0, instance:Runner.RE1_SwaglabLoginRunner@6ae5aa72]" started-at="2025-01-02T08:44:24 IST" name="setUpClass" finished-at="2025-01-02T08:44:25 IST" duration-ms="451" status="PASS">
          <params>
            <param index="0">
              <value>
                <![CDATA[org.testng.TestRunner@682abca7]]>
              </value>
            </param>
          </params>
          <reporter-output>
          </reporter-output>
        </test-method> <!-- setUpClass -->
        <test-method signature="runScenario(io.cucumber.testng.PickleWrapper,io.cucumber.testng.FeatureWrapper)[pri:0, instance:Runner.RE1_SwaglabLoginRunner@6ae5aa72]" started-at="2025-01-02T08:44:25 IST" name="runScenario" description="Runs Cucumber Scenarios" data-provider="scenarios" finished-at="2025-01-02T08:44:35 IST" duration-ms="9735" status="PASS">
          <params>
            <param index="0">
              <value>
                <![CDATA["S1: login with valid credentials"]]>
              </value>
            </param>
            <param index="1">
              <value>
                <![CDATA["swaglab login feature"]]>
              </value>
            </param>
          </params>
          <reporter-output>
          </reporter-output>
        </test-method> <!-- runScenario -->
        <test-method is-config="true" signature="tearDownClass()[pri:0, instance:Runner.RE1_SwaglabLoginRunner@6ae5aa72]" started-at="2025-01-02T08:44:35 IST" name="tearDownClass" finished-at="2025-01-02T08:44:37 IST" duration-ms="2425" status="PASS">
          <reporter-output>
          </reporter-output>
        </test-method> <!-- tearDownClass -->
      </class> <!-- Runner.RE1_SwaglabLoginRunner -->
      <class name="Runner.RE3_SwagLabOrderRunner">
        <test-method is-config="true" signature="setUpClass(org.testng.ITestContext)[pri:0, instance:Runner.RE3_SwagLabOrderRunner@478190fc]" started-at="2025-01-02T08:45:16 IST" name="setUpClass" finished-at="2025-01-02T08:45:16 IST" duration-ms="25" status="PASS">
          <params>
            <param index="0">
              <value>
                <![CDATA[org.testng.TestRunner@682abca7]]>
              </value>
            </param>
          </params>
          <reporter-output>
          </reporter-output>
        </test-method> <!-- setUpClass -->
        <test-method signature="runScenario(io.cucumber.testng.PickleWrapper,io.cucumber.testng.FeatureWrapper)[pri:0, instance:Runner.RE3_SwagLabOrderRunner@478190fc]" started-at="2025-01-02T08:45:16 IST" name="runScenario" description="Runs Cucumber Scenarios" data-provider="scenarios" finished-at="2025-01-02T08:45:28 IST" duration-ms="12290" status="PASS">
          <params>
            <param index="0">
              <value>
                <![CDATA["S6: Purchase Any Product"]]>
              </value>
            </param>
            <param index="1">
              <value>
                <![CDATA["Swaglab Product feature"]]>
              </value>
            </param>
          </params>
          <reporter-output>
          </reporter-output>
        </test-method> <!-- runScenario -->
        <test-method is-config="true" signature="tearDownClass()[pri:0, instance:Runner.RE3_SwagLabOrderRunner@478190fc]" started-at="2025-01-02T08:45:28 IST" name="tearDownClass" finished-at="2025-01-02T08:46:19 IST" duration-ms="50970" status="PASS">
          <reporter-output>
          </reporter-output>
        </test-method> <!-- tearDownClass -->
      </class> <!-- Runner.RE3_SwagLabOrderRunner -->
    </test> <!-- Test -->
  </suite> <!-- SwagLabSuite -->
</testng-results>
