<?xml version="1.0" encoding="UTF-8"?>
<testng-results ignored="0" total="1" passed="1" failed="0" skipped="0">
  <reporter-output>
  </reporter-output>
  <suite started-at="2025-01-02T08:42:10 IST" name="Default suite" finished-at="2025-01-02T08:42:26 IST" duration-ms="15795">
    <groups>
      <group name="cucumber">
        <method signature="AbstractTestNGCucumberTests.runScenario(io.cucumber.testng.PickleWrapper,io.cucumber.testng.FeatureWrapper)[pri:0, instance:Runner.RE3_SwagLabOrderRunner@6a6cb05c]" name="runScenario" class="io.cucumber.testng.AbstractTestNGCucumberTests"/>
      </group> <!-- cucumber -->
    </groups>
    <test started-at="2025-01-02T08:42:10 IST" name="Default test" finished-at="2025-01-02T08:42:26 IST" duration-ms="15795">
      <class name="Runner.RE3_SwagLabOrderRunner">
        <test-method is-config="true" signature="setUpClass(org.testng.ITestContext)[pri:0, instance:Runner.RE3_SwagLabOrderRunner@6a6cb05c]" started-at="2025-01-02T08:42:10 IST" name="setUpClass" finished-at="2025-01-02T08:42:10 IST" duration-ms="402" status="PASS">
          <params>
            <param index="0">
              <value>
                <![CDATA[org.testng.TestRunner@d5d5353]]>
              </value>
            </param>
          </params>
          <reporter-output>
          </reporter-output>
        </test-method> <!-- setUpClass -->
        <test-method signature="runScenario(io.cucumber.testng.PickleWrapper,io.cucumber.testng.FeatureWrapper)[pri:0, instance:Runner.RE3_SwagLabOrderRunner@6a6cb05c]" started-at="2025-01-02T08:42:10 IST" name="runScenario" description="Runs Cucumber Scenarios" data-provider="scenarios" finished-at="2025-01-02T08:42:23 IST" duration-ms="12809" status="PASS">
          <params>
            <param index="0">
              <value>
                <![CDATA["S6: Purchase Any Product"]]>
              </value>
            </param>
            <param index="1">
              <value>
                <![CDATA["Swaglab Product feature"]]>
              </value>
            </param>
          </params>
          <reporter-output>
          </reporter-output>
        </test-method> <!-- runScenario -->
        <test-method is-config="true" signature="tearDownClass()[pri:0, instance:Runner.RE3_SwagLabOrderRunner@6a6cb05c]" started-at="2025-01-02T08:42:23 IST" name="tearDownClass" finished-at="2025-01-02T08:42:26 IST" duration-ms="2547" status="PASS">
          <reporter-output>
          </reporter-output>
        </test-method> <!-- tearDownClass -->
      </class> <!-- Runner.RE3_SwagLabOrderRunner -->
    </test> <!-- Default test -->
  </suite> <!-- Default suite -->
</testng-results>
